[0.267s] DEBUG:colcon:Command line arguments: ['/usr/bin/colcon', 'build']
[0.268s] DEBUG:colcon:Parsed command line arguments: Namespace(log_base=None, log_level=None, verb_name='build', build_base='build', install_base='install', merge_install=False, symlink_install=False, test_result_base=None, continue_on_error=False, executor='parallel', parallel_workers=6, event_handlers=None, ignore_user_meta=False, metas=['./colcon.meta'], base_paths=['.'], packages_ignore=None, packages_ignore_regex=None, paths=None, packages_up_to=None, packages_up_to_regex=None, packages_above=None, packages_above_and_dependencies=None, packages_above_depth=None, packages_select_by_dep=None, packages_skip_by_dep=None, packages_skip_up_to=None, packages_select_build_failed=False, packages_skip_build_finished=False, packages_select_test_failures=False, packages_skip_test_passed=False, packages_select=None, packages_skip=None, packages_select_regex=None, packages_skip_regex=None, packages_start=None, packages_end=None, allow_overriding=[], cmake_args=None, cmake_target=None, cmake_target_skip_unavailable=False, cmake_clean_cache=False, cmake_clean_first=False, cmake_force_configure=False, ament_cmake_args=None, catkin_cmake_args=None, catkin_skip_building_tests=False, mixin_files=None, mixin=None, verb_parser=<colcon_mixin.mixin.mixin_argument.MixinArgumentDecorator object at 0xffffb6eea2f0>, verb_extension=<colcon_core.verb.build.BuildVerb object at 0xffffb6ee9e40>, main=<bound method BuildVerb.main of <colcon_core.verb.build.BuildVerb object at 0xffffb6ee9e40>>, mixin_verb=('build',))
[0.680s] Level 1:colcon.colcon_core.package_discovery:discover_packages(colcon_meta) check parameters
[0.681s] Level 1:colcon.colcon_core.package_discovery:discover_packages(recursive) check parameters
[0.681s] Level 1:colcon.colcon_core.package_discovery:discover_packages(ignore) check parameters
[0.681s] Level 1:colcon.colcon_core.package_discovery:discover_packages(path) check parameters
[0.681s] Level 1:colcon.colcon_core.package_discovery:discover_packages(colcon_meta) discover
[0.681s] Level 1:colcon.colcon_core.package_discovery:discover_packages(recursive) discover
[0.682s] INFO:colcon.colcon_core.package_discovery:Crawling recursively for packages in '/home/milo/Documents/andesrobot-nlp/btcpp_sample'
[0.682s] Level 1:colcon.colcon_core.package_identification:_identify(.) by extensions ['ignore', 'ignore_ament_install']
[0.682s] Level 1:colcon.colcon_core.package_identification:_identify(.) by extension 'ignore'
[0.682s] Level 1:colcon.colcon_core.package_identification:_identify(.) by extension 'ignore_ament_install'
[0.682s] Level 1:colcon.colcon_core.package_identification:_identify(.) by extensions ['colcon_pkg']
[0.683s] Level 1:colcon.colcon_core.package_identification:_identify(.) by extension 'colcon_pkg'
[0.683s] Level 1:colcon.colcon_core.package_identification:_identify(.) by extensions ['colcon_meta']
[0.683s] Level 1:colcon.colcon_core.package_identification:_identify(.) by extension 'colcon_meta'
[0.683s] Level 1:colcon.colcon_core.package_identification:_identify(.) by extensions ['ros']
[0.683s] Level 1:colcon.colcon_core.package_identification:_identify(.) by extension 'ros'
[0.720s] DEBUG:colcon.colcon_core.package_identification:Package '.' with type 'ros.ament_cmake' and name 'btcpp_sample'
[0.721s] Level 1:colcon.colcon_core.package_discovery:discover_packages(recursive) using defaults
[0.721s] Level 1:colcon.colcon_core.package_discovery:discover_packages(ignore) discover
[0.721s] Level 1:colcon.colcon_core.package_discovery:discover_packages(ignore) using defaults
[0.721s] Level 1:colcon.colcon_core.package_discovery:discover_packages(path) discover
[0.721s] Level 1:colcon.colcon_core.package_discovery:discover_packages(path) using defaults
[0.818s] Level 1:colcon.colcon_core.package_discovery:discover_packages(prefix_path) check parameters
[0.818s] Level 1:colcon.colcon_core.package_discovery:discover_packages(prefix_path) discover
[0.824s] DEBUG:colcon.colcon_installed_package_information.package_discovery:Found 272 installed packages in /opt/ros/humble
[0.827s] Level 1:colcon.colcon_core.package_discovery:discover_packages(prefix_path) using defaults
[0.913s] Level 5:colcon.colcon_core.verb:set package 'btcpp_sample' build argument 'cmake_args' from command line to 'None'
[0.913s] Level 5:colcon.colcon_core.verb:set package 'btcpp_sample' build argument 'cmake_target' from command line to 'None'
[0.914s] Level 5:colcon.colcon_core.verb:set package 'btcpp_sample' build argument 'cmake_target_skip_unavailable' from command line to 'False'
[0.914s] Level 5:colcon.colcon_core.verb:set package 'btcpp_sample' build argument 'cmake_clean_cache' from command line to 'False'
[0.914s] Level 5:colcon.colcon_core.verb:set package 'btcpp_sample' build argument 'cmake_clean_first' from command line to 'False'
[0.914s] Level 5:colcon.colcon_core.verb:set package 'btcpp_sample' build argument 'cmake_force_configure' from command line to 'False'
[0.914s] Level 5:colcon.colcon_core.verb:set package 'btcpp_sample' build argument 'ament_cmake_args' from command line to 'None'
[0.914s] Level 5:colcon.colcon_core.verb:set package 'btcpp_sample' build argument 'catkin_cmake_args' from command line to 'None'
[0.914s] Level 5:colcon.colcon_core.verb:set package 'btcpp_sample' build argument 'catkin_skip_building_tests' from command line to 'False'
[0.914s] DEBUG:colcon.colcon_core.verb:Building package 'btcpp_sample' with the following arguments: {'ament_cmake_args': None, 'build_base': '/home/milo/Documents/andesrobot-nlp/btcpp_sample/build/btcpp_sample', 'catkin_cmake_args': None, 'catkin_skip_building_tests': False, 'cmake_args': None, 'cmake_clean_cache': False, 'cmake_clean_first': False, 'cmake_force_configure': False, 'cmake_target': None, 'cmake_target_skip_unavailable': False, 'install_base': '/home/milo/Documents/andesrobot-nlp/btcpp_sample/install/btcpp_sample', 'merge_install': False, 'path': '/home/milo/Documents/andesrobot-nlp/btcpp_sample', 'symlink_install': False, 'test_result_base': None}
[0.914s] INFO:colcon.colcon_core.executor:Executing jobs using 'parallel' executor
[0.918s] DEBUG:colcon.colcon_parallel_executor.executor.parallel:run_until_complete
[0.919s] INFO:colcon.colcon_ros.task.ament_cmake.build:Building ROS package in '/home/milo/Documents/andesrobot-nlp/btcpp_sample' with build type 'ament_cmake'
[0.919s] INFO:colcon.colcon_cmake.task.cmake.build:Building CMake package in '/home/milo/Documents/andesrobot-nlp/btcpp_sample'
[0.924s] INFO:colcon.colcon_core.plugin_system:Skipping extension 'colcon_core.shell.bat': Not used on non-Windows systems
[0.924s] INFO:colcon.colcon_core.shell:Skip shell extension 'powershell' for command environment: Not usable outside of PowerShell
[0.924s] DEBUG:colcon.colcon_core.shell:Skip shell extension 'dsv' for command environment
[0.942s] DEBUG:colcon.colcon_core.event_handler.log_command:Invoking command in '/home/milo/Documents/andesrobot-nlp/btcpp_sample/build/btcpp_sample': CMAKE_PREFIX_PATH=/opt/ros/humble /usr/bin/cmake /home/milo/Documents/andesrobot-nlp/btcpp_sample -DCMAKE_INSTALL_PREFIX=/home/milo/Documents/andesrobot-nlp/btcpp_sample/install/btcpp_sample
[1.332s] DEBUG:colcon.colcon_core.event_handler.log_command:Invoked command in '/home/milo/Documents/andesrobot-nlp/btcpp_sample/build/btcpp_sample' returned '0': CMAKE_PREFIX_PATH=/opt/ros/humble /usr/bin/cmake /home/milo/Documents/andesrobot-nlp/btcpp_sample -DCMAKE_INSTALL_PREFIX=/home/milo/Documents/andesrobot-nlp/btcpp_sample/install/btcpp_sample
[1.337s] DEBUG:colcon.colcon_core.event_handler.log_command:Invoking command in '/home/milo/Documents/andesrobot-nlp/btcpp_sample/build/btcpp_sample': CMAKE_PREFIX_PATH=/opt/ros/humble /usr/bin/cmake --build /home/milo/Documents/andesrobot-nlp/btcpp_sample/build/btcpp_sample -- -j6 -l6
[1.500s] DEBUG:colcon.colcon_core.event_handler.log_command:Invoked command in '/home/milo/Documents/andesrobot-nlp/btcpp_sample/build/btcpp_sample' returned '2': CMAKE_PREFIX_PATH=/opt/ros/humble /usr/bin/cmake --build /home/milo/Documents/andesrobot-nlp/btcpp_sample/build/btcpp_sample -- -j6 -l6
[1.502s] Level 1:colcon.colcon_core.environment:create_environment_scripts_only(btcpp_sample)
[1.511s] Level 1:colcon.colcon_core.environment:checking '/home/milo/Documents/andesrobot-nlp/btcpp_sample/install/btcpp_sample' for CMake module files
[1.513s] Level 1:colcon.colcon_core.environment:checking '/home/milo/Documents/andesrobot-nlp/btcpp_sample/install/btcpp_sample' for CMake config files
[1.514s] Level 1:colcon.colcon_core.environment:checking '/home/milo/Documents/andesrobot-nlp/btcpp_sample/install/btcpp_sample/bin'
[1.514s] Level 1:colcon.colcon_core.environment:checking '/home/milo/Documents/andesrobot-nlp/btcpp_sample/install/btcpp_sample/lib/pkgconfig/btcpp_sample.pc'
[1.516s] Level 1:colcon.colcon_core.environment:checking '/home/milo/Documents/andesrobot-nlp/btcpp_sample/install/btcpp_sample/lib/python3.10/site-packages'
[1.517s] Level 1:colcon.colcon_core.environment:checking '/home/milo/Documents/andesrobot-nlp/btcpp_sample/install/btcpp_sample/bin'
[1.518s] INFO:colcon.colcon_core.shell:Creating package script '/home/milo/Documents/andesrobot-nlp/btcpp_sample/install/btcpp_sample/share/btcpp_sample/package.ps1'
[1.523s] INFO:colcon.colcon_core.shell:Creating package descriptor '/home/milo/Documents/andesrobot-nlp/btcpp_sample/install/btcpp_sample/share/btcpp_sample/package.dsv'
[1.525s] INFO:colcon.colcon_core.shell:Creating package script '/home/milo/Documents/andesrobot-nlp/btcpp_sample/install/btcpp_sample/share/btcpp_sample/package.sh'
[1.527s] INFO:colcon.colcon_core.shell:Creating package script '/home/milo/Documents/andesrobot-nlp/btcpp_sample/install/btcpp_sample/share/btcpp_sample/package.bash'
[1.530s] INFO:colcon.colcon_core.shell:Creating package script '/home/milo/Documents/andesrobot-nlp/btcpp_sample/install/btcpp_sample/share/btcpp_sample/package.zsh'
[1.531s] Level 1:colcon.colcon_core.environment:create_file_with_runtime_dependencies(/home/milo/Documents/andesrobot-nlp/btcpp_sample/install/btcpp_sample/share/colcon-core/packages/btcpp_sample)
[1.534s] DEBUG:colcon.colcon_parallel_executor.executor.parallel:closing loop
[1.535s] DEBUG:colcon.colcon_parallel_executor.executor.parallel:loop closed
[1.535s] DEBUG:colcon.colcon_parallel_executor.executor.parallel:run_until_complete finished with '2'
[1.535s] DEBUG:colcon.colcon_core.event_reactor:joining thread
[1.561s] INFO:colcon.colcon_core.plugin_system:Skipping extension 'colcon_notification.desktop_notification.terminal_notifier': Not used on non-Darwin systems
[1.561s] INFO:colcon.colcon_core.plugin_system:Skipping extension 'colcon_notification.desktop_notification.win32': Not used on non-Windows systems
[1.561s] INFO:colcon.colcon_notification.desktop_notification:Sending desktop notification using 'notify2'
[1.633s] DEBUG:colcon.colcon_core.event_reactor:joined thread
[1.636s] INFO:colcon.colcon_core.shell:Creating prefix script '/home/milo/Documents/andesrobot-nlp/btcpp_sample/install/local_setup.ps1'
[1.643s] INFO:colcon.colcon_core.shell:Creating prefix util module '/home/milo/Documents/andesrobot-nlp/btcpp_sample/install/_local_setup_util_ps1.py'
[1.651s] INFO:colcon.colcon_core.shell:Creating prefix chain script '/home/milo/Documents/andesrobot-nlp/btcpp_sample/install/setup.ps1'
[1.655s] INFO:colcon.colcon_core.shell:Creating prefix script '/home/milo/Documents/andesrobot-nlp/btcpp_sample/install/local_setup.sh'
[1.657s] INFO:colcon.colcon_core.shell:Creating prefix util module '/home/milo/Documents/andesrobot-nlp/btcpp_sample/install/_local_setup_util_sh.py'
[1.659s] INFO:colcon.colcon_core.shell:Creating prefix chain script '/home/milo/Documents/andesrobot-nlp/btcpp_sample/install/setup.sh'
[1.661s] INFO:colcon.colcon_core.shell:Creating prefix script '/home/milo/Documents/andesrobot-nlp/btcpp_sample/install/local_setup.bash'
[1.663s] INFO:colcon.colcon_core.shell:Creating prefix chain script '/home/milo/Documents/andesrobot-nlp/btcpp_sample/install/setup.bash'
[1.666s] INFO:colcon.colcon_core.shell:Creating prefix script '/home/milo/Documents/andesrobot-nlp/btcpp_sample/install/local_setup.zsh'
[1.668s] INFO:colcon.colcon_core.shell:Creating prefix chain script '/home/milo/Documents/andesrobot-nlp/btcpp_sample/install/setup.zsh'
