[01m[K/home/milo/Documents/andesrobot-nlp/btcpp_sample/main.cpp:26:51:[m[K [01;31m[Kerror: [m[K‘[01m[KNodeConfig[m[K’ in namespace ‘[01m[KBT[m[K’ does not name a type
   26 |   SaySomething(const std::string& name, const BT::[01;31m[KNodeConfig[m[K& config) :
      |                                                   [01;31m[K^~~~~~~~~~[m[K
[01m[K/home/milo/Documents/andesrobot-nlp/btcpp_sample/main.cpp:[m[K In constructor ‘[01m[KSaySomething::SaySomething(const string&, const int&)[m[K’:
[01m[K/home/milo/Documents/andesrobot-nlp/btcpp_sample/main.cpp:27:40:[m[K [01;31m[Kerror: [m[Kno matching function for call to ‘[01m[KBT::SyncActionNode::SyncActionNode(const string&, const int&)[m[K’
   27 |         BT::SyncActionNode(name, config[01;31m[K)[m[K
      |                                        [01;31m[K^[m[K
In file included from [01m[K/opt/ros/humble/include/behaviortree_cpp_v3/behavior_tree.h:28[m[K,
                 from [01m[K/opt/ros/humble/include/behaviortree_cpp_v3/bt_factory.h:25[m[K,
                 from [01m[K/home/milo/Documents/andesrobot-nlp/btcpp_sample/main.cpp:1[m[K:
[01m[K/opt/ros/humble/include/behaviortree_cpp_v3/action_node.h:55:3:[m[K [01;36m[Knote: [m[Kcandidate: ‘[01m[KBT::SyncActionNode::SyncActionNode(const string&, const BT::NodeConfiguration&)[m[K’
   55 |   [01;36m[KSyncActionNode[m[K(const std::string& name, const NodeConfiguration& config);
      |   [01;36m[K^~~~~~~~~~~~~~[m[K
[01m[K/opt/ros/humble/include/behaviortree_cpp_v3/action_node.h:55:68:[m[K [01;36m[Knote: [m[K  no known conversion for argument 2 from ‘[01m[Kconst int[m[K’ to ‘[01m[Kconst BT::NodeConfiguration&[m[K’
   55 | ncActionNode(const std::string& name, [01;36m[Kconst NodeConfiguration& config[m[K);
      |                                       [01;36m[K~~~~~~~~~~~~~~~~~~~~~~~~~^~~~~~[m[K

[01m[K/home/milo/Documents/andesrobot-nlp/btcpp_sample/main.cpp:[m[K At global scope:
[01m[K/home/milo/Documents/andesrobot-nlp/btcpp_sample/main.cpp:47:53:[m[K [01;31m[Kerror: [m[K‘[01m[KNodeConfig[m[K’ in namespace ‘[01m[KBT[m[K’ does not name a type
   47 |   ThinkWhatToSay(const std::string& name, const BT::[01;31m[KNodeConfig[m[K& config) :
      |                                                     [01;31m[K^~~~~~~~~~[m[K
[01m[K/home/milo/Documents/andesrobot-nlp/btcpp_sample/main.cpp:[m[K In constructor ‘[01m[KThinkWhatToSay::ThinkWhatToSay(const string&, const int&)[m[K’:
[01m[K/home/milo/Documents/andesrobot-nlp/btcpp_sample/main.cpp:48:40:[m[K [01;31m[Kerror: [m[Kno matching function for call to ‘[01m[KBT::SyncActionNode::SyncActionNode(const string&, const int&)[m[K’
   48 |         BT::SyncActionNode(name, config[01;31m[K)[m[K
      |                                        [01;31m[K^[m[K
In file included from [01m[K/opt/ros/humble/include/behaviortree_cpp_v3/behavior_tree.h:28[m[K,
                 from [01m[K/opt/ros/humble/include/behaviortree_cpp_v3/bt_factory.h:25[m[K,
                 from [01m[K/home/milo/Documents/andesrobot-nlp/btcpp_sample/main.cpp:1[m[K:
[01m[K/opt/ros/humble/include/behaviortree_cpp_v3/action_node.h:55:3:[m[K [01;36m[Knote: [m[Kcandidate: ‘[01m[KBT::SyncActionNode::SyncActionNode(const string&, const BT::NodeConfiguration&)[m[K’
   55 |   [01;36m[KSyncActionNode[m[K(const std::string& name, const NodeConfiguration& config);
      |   [01;36m[K^~~~~~~~~~~~~~[m[K
[01m[K/opt/ros/humble/include/behaviortree_cpp_v3/action_node.h:55:68:[m[K [01;36m[Knote: [m[K  no known conversion for argument 2 from ‘[01m[Kconst int[m[K’ to ‘[01m[Kconst BT::NodeConfiguration&[m[K’
   55 | ncActionNode(const std::string& name, [01;36m[Kconst NodeConfiguration& config[m[K);
      |                                       [01;36m[K~~~~~~~~~~~~~~~~~~~~~~~~~^~~~~~[m[K

[01m[K/home/milo/Documents/andesrobot-nlp/btcpp_sample/main.cpp:[m[K In function ‘[01m[Kint main()[m[K’:
[01m[K/home/milo/Documents/andesrobot-nlp/btcpp_sample/main.cpp:73:8:[m[K [01;31m[Kerror: [m[K‘[01m[Kclass BT::Tree[m[K’ has no member named ‘[01m[KtickWhileRunning[m[K’; did you mean ‘[01m[KtickRootWhileRunning[m[K’?
   73 |   tree.[01;31m[KtickWhileRunning[m[K();
      |        [01;31m[K^~~~~~~~~~~~~~~~[m[K
      |        [32m[KtickRootWhileRunning[m[K
In file included from [01m[K/home/milo/Documents/andesrobot-nlp/btcpp_sample/main.cpp:1[m[K:
/opt/ros/humble/include/behaviortree_cpp_v3/bt_factory.h: In instantiation of ‘[01m[Kvoid BT::BehaviorTreeFactory::registerNodeType(const string&) [with T = SaySomething; std::string = std::__cxx11::basic_string<char>][m[K’:
[01m[K/home/milo/Documents/andesrobot-nlp/btcpp_sample/main.cpp:68:41:[m[K   required from here
[01m[K/opt/ros/humble/include/behaviortree_cpp_v3/bt_factory.h:385:41:[m[K [01;31m[Kerror: [m[Kstatic assertion failed: [registerNode]: the registered class must have at least one of these two constructors:   (const std::string&, const NodeConfiguration&) or (const std::string&).
Check also if the constructor is public!
  385 |     static_assert([01;31m[Kdefault_constructable || param_constructable[m[K, "[registerNode]: the "
      |                   [01;31m[K~~~~~~~~~~~~~~~~~~~~~~^~~~~~~~~~~~~~~~~~~~~~[m[K
[01m[K/opt/ros/humble/include/behaviortree_cpp_v3/bt_factory.h:385:41:[m[K [01;36m[Knote: [m[K‘[01m[K(((bool)default_constructable) || ((bool)param_constructable))[m[K’ evaluates to false
[01m[K/opt/ros/humble/include/behaviortree_cpp_v3/bt_factory.h:407:19:[m[K [01;31m[Kerror: [m[Kstatic assertion failed: [registerNode]: since you have a static method providedPorts(), you MUST add a constructor sign signature (const std::string&, const NodeParameters&)

  407 |     static_assert([01;31m[K!(has_static_ports_list && !param_constructable)[m[K, "[registerNode]: "
      |                   [01;31m[K^~~~~~~~~~~~~~~~~~~~~~~~~~~~~~~~~~~~~~~~~~~~~~~~[m[K
[01m[K/opt/ros/humble/include/behaviortree_cpp_v3/bt_factory.h:407:19:[m[K [01;36m[Knote: [m[K‘[01m[K((!(bool)has_static_ports_list) || ((bool)param_constructable))[m[K’ evaluates to false
[01m[K/opt/ros/humble/include/behaviortree_cpp_v3/bt_factory.h:418:60:[m[K [01;31m[Kerror: [m[Kno matching function for call to ‘[01m[KCreateBuilder<SaySomething>()[m[K’
  418 |     registerBuilder(CreateManifest<T>(ID), [01;31m[KCreateBuilder<T>()[m[K);
      |                                            [01;31m[K~~~~~~~~~~~~~~~~^~[m[K
In file included from [01m[K/home/milo/Documents/andesrobot-nlp/btcpp_sample/main.cpp:1[m[K:
[01m[K/opt/ros/humble/include/behaviortree_cpp_v3/bt_factory.h:43:1:[m[K [01;36m[Knote: [m[Kcandidate: ‘[01m[Ktemplate<class T> BT::NodeBuilder BT::CreateBuilder(typename std::enable_if<(std::is_constructible<T, const std::__cxx11::basic_string<char, std::char_traits<char>, std::allocator<char> >&>::value && std::is_constructible<T, const std::__cxx11::basic_string<char, std::char_traits<char>, std::allocator<char> >&, const BT::NodeConfiguration&>::value)>::type*)[m[K’
   43 | [01;36m[KCreateBuilder[m[K(typename std::enable_if<has_default_constructor<T>::value &&
      | [01;36m[K^~~~~~~~~~~~~[m[K
[01m[K/opt/ros/humble/include/behaviortree_cpp_v3/bt_factory.h:43:1:[m[K [01;36m[Knote: [m[K  template argument deduction/substitution failed:
/opt/ros/humble/include/behaviortree_cpp_v3/bt_factory.h: In substitution of ‘[01m[Ktemplate<class T> BT::NodeBuilder BT::CreateBuilder(typename std::enable_if<(std::is_constructible<T, const std::__cxx11::basic_string<char, std::char_traits<char>, std::allocator<char> >&>::value && std::is_constructible<T, const std::__cxx11::basic_string<char, std::char_traits<char>, std::allocator<char> >&, const BT::NodeConfiguration&>::value)>::type*) [with T = SaySomething][m[K’:
[01m[K/opt/ros/humble/include/behaviortree_cpp_v3/bt_factory.h:418:60:[m[K   required from ‘[01m[Kvoid BT::BehaviorTreeFactory::registerNodeType(const string&) [with T = SaySomething; std::string = std::__cxx11::basic_string<char>][m[K’
[01m[K/home/milo/Documents/andesrobot-nlp/btcpp_sample/main.cpp:68:41:[m[K   required from here
[01m[K/opt/ros/humble/include/behaviortree_cpp_v3/bt_factory.h:43:1:[m[K [01;31m[Kerror: [m[Kno type named ‘[01m[Ktype[m[K’ in ‘[01m[Kstruct std::enable_if<false, void>[m[K’
/opt/ros/humble/include/behaviortree_cpp_v3/bt_factory.h: In instantiation of ‘[01m[Kvoid BT::BehaviorTreeFactory::registerNodeType(const string&) [with T = SaySomething; std::string = std::__cxx11::basic_string<char>][m[K’:
[01m[K/home/milo/Documents/andesrobot-nlp/btcpp_sample/main.cpp:68:41:[m[K   required from here
[01m[K/opt/ros/humble/include/behaviortree_cpp_v3/bt_factory.h:59:1:[m[K [01;36m[Knote: [m[Kcandidate: ‘[01m[Ktemplate<class T> BT::NodeBuilder BT::CreateBuilder(typename std::enable_if<((! std::is_constructible<T, const std::__cxx11::basic_string<char, std::char_traits<char>, std::allocator<char> >&>::value) && std::is_constructible<T, const std::__cxx11::basic_string<char, std::char_traits<char>, std::allocator<char> >&, const BT::NodeConfiguration&>::value)>::type*)[m[K’
   59 | [01;36m[KCreateBuilder[m[K(typename std::enable_if<!has_default_constructor<T>::value &&
      | [01;36m[K^~~~~~~~~~~~~[m[K
[01m[K/opt/ros/humble/include/behaviortree_cpp_v3/bt_factory.h:59:1:[m[K [01;36m[Knote: [m[K  template argument deduction/substitution failed:
/opt/ros/humble/include/behaviortree_cpp_v3/bt_factory.h: In substitution of ‘[01m[Ktemplate<class T> BT::NodeBuilder BT::CreateBuilder(typename std::enable_if<((! std::is_constructible<T, const std::__cxx11::basic_string<char, std::char_traits<char>, std::allocator<char> >&>::value) && std::is_constructible<T, const std::__cxx11::basic_string<char, std::char_traits<char>, std::allocator<char> >&, const BT::NodeConfiguration&>::value)>::type*) [with T = SaySomething][m[K’:
[01m[K/opt/ros/humble/include/behaviortree_cpp_v3/bt_factory.h:418:60:[m[K   required from ‘[01m[Kvoid BT::BehaviorTreeFactory::registerNodeType(const string&) [with T = SaySomething; std::string = std::__cxx11::basic_string<char>][m[K’
[01m[K/home/milo/Documents/andesrobot-nlp/btcpp_sample/main.cpp:68:41:[m[K   required from here
[01m[K/opt/ros/humble/include/behaviortree_cpp_v3/bt_factory.h:59:1:[m[K [01;31m[Kerror: [m[Kno type named ‘[01m[Ktype[m[K’ in ‘[01m[Kstruct std::enable_if<false, void>[m[K’
/opt/ros/humble/include/behaviortree_cpp_v3/bt_factory.h: In instantiation of ‘[01m[Kvoid BT::BehaviorTreeFactory::registerNodeType(const string&) [with T = SaySomething; std::string = std::__cxx11::basic_string<char>][m[K’:
[01m[K/home/milo/Documents/andesrobot-nlp/btcpp_sample/main.cpp:68:41:[m[K   required from here
[01m[K/opt/ros/humble/include/behaviortree_cpp_v3/bt_factory.h:69:1:[m[K [01;36m[Knote: [m[Kcandidate: ‘[01m[Ktemplate<class T> BT::NodeBuilder BT::CreateBuilder(typename std::enable_if<(std::is_constructible<T, const std::__cxx11::basic_string<char, std::char_traits<char>, std::allocator<char> >&>::value && (! std::is_constructible<T, const std::__cxx11::basic_string<char, std::char_traits<char>, std::allocator<char> >&, const BT::NodeConfiguration&>::value))>::type*)[m[K’
   69 | [01;36m[KCreateBuilder[m[K(typename std::enable_if<has_default_constructor<T>::value &&
      | [01;36m[K^~~~~~~~~~~~~[m[K
[01m[K/opt/ros/humble/include/behaviortree_cpp_v3/bt_factory.h:69:1:[m[K [01;36m[Knote: [m[K  template argument deduction/substitution failed:
/opt/ros/humble/include/behaviortree_cpp_v3/bt_factory.h: In substitution of ‘[01m[Ktemplate<class T> BT::NodeBuilder BT::CreateBuilder(typename std::enable_if<(std::is_constructible<T, const std::__cxx11::basic_string<char, std::char_traits<char>, std::allocator<char> >&>::value && (! std::is_constructible<T, const std::__cxx11::basic_string<char, std::char_traits<char>, std::allocator<char> >&, const BT::NodeConfiguration&>::value))>::type*) [with T = SaySomething][m[K’:
[01m[K/opt/ros/humble/include/behaviortree_cpp_v3/bt_factory.h:418:60:[m[K   required from ‘[01m[Kvoid BT::BehaviorTreeFactory::registerNodeType(const string&) [with T = SaySomething; std::string = std::__cxx11::basic_string<char>][m[K’
[01m[K/home/milo/Documents/andesrobot-nlp/btcpp_sample/main.cpp:68:41:[m[K   required from here
[01m[K/opt/ros/humble/include/behaviortree_cpp_v3/bt_factory.h:69:1:[m[K [01;31m[Kerror: [m[Kno type named ‘[01m[Ktype[m[K’ in ‘[01m[Kstruct std::enable_if<false, void>[m[K’
In file included from [01m[K/home/milo/Documents/andesrobot-nlp/btcpp_sample/main.cpp:1[m[K:
/opt/ros/humble/include/behaviortree_cpp_v3/bt_factory.h: In instantiation of ‘[01m[Kvoid BT::BehaviorTreeFactory::registerNodeType(const string&) [with T = ThinkWhatToSay; std::string = std::__cxx11::basic_string<char>][m[K’:
[01m[K/home/milo/Documents/andesrobot-nlp/btcpp_sample/main.cpp:69:43:[m[K   required from here
[01m[K/opt/ros/humble/include/behaviortree_cpp_v3/bt_factory.h:385:41:[m[K [01;31m[Kerror: [m[Kstatic assertion failed: [registerNode]: the registered class must have at least one of these two constructors:   (const std::string&, const NodeConfiguration&) or (const std::string&).
Check also if the constructor is public!
  385 |     static_assert([01;31m[Kdefault_constructable || param_constructable[m[K, "[registerNode]: the "
      |                   [01;31m[K~~~~~~~~~~~~~~~~~~~~~~^~~~~~~~~~~~~~~~~~~~~~[m[K
[01m[K/opt/ros/humble/include/behaviortree_cpp_v3/bt_factory.h:385:41:[m[K [01;36m[Knote: [m[K‘[01m[K(((bool)default_constructable) || ((bool)param_constructable))[m[K’ evaluates to false
[01m[K/opt/ros/humble/include/behaviortree_cpp_v3/bt_factory.h:407:19:[m[K [01;31m[Kerror: [m[Kstatic assertion failed: [registerNode]: since you have a static method providedPorts(), you MUST add a constructor sign signature (const std::string&, const NodeParameters&)

  407 |     static_assert([01;31m[K!(has_static_ports_list && !param_constructable)[m[K, "[registerNode]: "
      |                   [01;31m[K^~~~~~~~~~~~~~~~~~~~~~~~~~~~~~~~~~~~~~~~~~~~~~~~[m[K
[01m[K/opt/ros/humble/include/behaviortree_cpp_v3/bt_factory.h:407:19:[m[K [01;36m[Knote: [m[K‘[01m[K((!(bool)has_static_ports_list) || ((bool)param_constructable))[m[K’ evaluates to false
[01m[K/opt/ros/humble/include/behaviortree_cpp_v3/bt_factory.h:418:60:[m[K [01;31m[Kerror: [m[Kno matching function for call to ‘[01m[KCreateBuilder<ThinkWhatToSay>()[m[K’
  418 |     registerBuilder(CreateManifest<T>(ID), [01;31m[KCreateBuilder<T>()[m[K);
      |                                            [01;31m[K~~~~~~~~~~~~~~~~^~[m[K
In file included from [01m[K/home/milo/Documents/andesrobot-nlp/btcpp_sample/main.cpp:1[m[K:
[01m[K/opt/ros/humble/include/behaviortree_cpp_v3/bt_factory.h:43:1:[m[K [01;36m[Knote: [m[Kcandidate: ‘[01m[Ktemplate<class T> BT::NodeBuilder BT::CreateBuilder(typename std::enable_if<(std::is_constructible<T, const std::__cxx11::basic_string<char, std::char_traits<char>, std::allocator<char> >&>::value && std::is_constructible<T, const std::__cxx11::basic_string<char, std::char_traits<char>, std::allocator<char> >&, const BT::NodeConfiguration&>::value)>::type*)[m[K’
   43 | [01;36m[KCreateBuilder[m[K(typename std::enable_if<has_default_constructor<T>::value &&
      | [01;36m[K^~~~~~~~~~~~~[m[K
[01m[K/opt/ros/humble/include/behaviortree_cpp_v3/bt_factory.h:43:1:[m[K [01;36m[Knote: [m[K  template argument deduction/substitution failed:
/opt/ros/humble/include/behaviortree_cpp_v3/bt_factory.h: In substitution of ‘[01m[Ktemplate<class T> BT::NodeBuilder BT::CreateBuilder(typename std::enable_if<(std::is_constructible<T, const std::__cxx11::basic_string<char, std::char_traits<char>, std::allocator<char> >&>::value && std::is_constructible<T, const std::__cxx11::basic_string<char, std::char_traits<char>, std::allocator<char> >&, const BT::NodeConfiguration&>::value)>::type*) [with T = ThinkWhatToSay][m[K’:
[01m[K/opt/ros/humble/include/behaviortree_cpp_v3/bt_factory.h:418:60:[m[K   required from ‘[01m[Kvoid BT::BehaviorTreeFactory::registerNodeType(const string&) [with T = ThinkWhatToSay; std::string = std::__cxx11::basic_string<char>][m[K’
[01m[K/home/milo/Documents/andesrobot-nlp/btcpp_sample/main.cpp:69:43:[m[K   required from here
[01m[K/opt/ros/humble/include/behaviortree_cpp_v3/bt_factory.h:43:1:[m[K [01;31m[Kerror: [m[Kno type named ‘[01m[Ktype[m[K’ in ‘[01m[Kstruct std::enable_if<false, void>[m[K’
/opt/ros/humble/include/behaviortree_cpp_v3/bt_factory.h: In instantiation of ‘[01m[Kvoid BT::BehaviorTreeFactory::registerNodeType(const string&) [with T = ThinkWhatToSay; std::string = std::__cxx11::basic_string<char>][m[K’:
[01m[K/home/milo/Documents/andesrobot-nlp/btcpp_sample/main.cpp:69:43:[m[K   required from here
[01m[K/opt/ros/humble/include/behaviortree_cpp_v3/bt_factory.h:59:1:[m[K [01;36m[Knote: [m[Kcandidate: ‘[01m[Ktemplate<class T> BT::NodeBuilder BT::CreateBuilder(typename std::enable_if<((! std::is_constructible<T, const std::__cxx11::basic_string<char, std::char_traits<char>, std::allocator<char> >&>::value) && std::is_constructible<T, const std::__cxx11::basic_string<char, std::char_traits<char>, std::allocator<char> >&, const BT::NodeConfiguration&>::value)>::type*)[m[K’
   59 | [01;36m[KCreateBuilder[m[K(typename std::enable_if<!has_default_constructor<T>::value &&
      | [01;36m[K^~~~~~~~~~~~~[m[K
[01m[K/opt/ros/humble/include/behaviortree_cpp_v3/bt_factory.h:59:1:[m[K [01;36m[Knote: [m[K  template argument deduction/substitution failed:
/opt/ros/humble/include/behaviortree_cpp_v3/bt_factory.h: In substitution of ‘[01m[Ktemplate<class T> BT::NodeBuilder BT::CreateBuilder(typename std::enable_if<((! std::is_constructible<T, const std::__cxx11::basic_string<char, std::char_traits<char>, std::allocator<char> >&>::value) && std::is_constructible<T, const std::__cxx11::basic_string<char, std::char_traits<char>, std::allocator<char> >&, const BT::NodeConfiguration&>::value)>::type*) [with T = ThinkWhatToSay][m[K’:
[01m[K/opt/ros/humble/include/behaviortree_cpp_v3/bt_factory.h:418:60:[m[K   required from ‘[01m[Kvoid BT::BehaviorTreeFactory::registerNodeType(const string&) [with T = ThinkWhatToSay; std::string = std::__cxx11::basic_string<char>][m[K’
[01m[K/home/milo/Documents/andesrobot-nlp/btcpp_sample/main.cpp:69:43:[m[K   required from here
[01m[K/opt/ros/humble/include/behaviortree_cpp_v3/bt_factory.h:59:1:[m[K [01;31m[Kerror: [m[Kno type named ‘[01m[Ktype[m[K’ in ‘[01m[Kstruct std::enable_if<false, void>[m[K’
/opt/ros/humble/include/behaviortree_cpp_v3/bt_factory.h: In instantiation of ‘[01m[Kvoid BT::BehaviorTreeFactory::registerNodeType(const string&) [with T = ThinkWhatToSay; std::string = std::__cxx11::basic_string<char>][m[K’:
[01m[K/home/milo/Documents/andesrobot-nlp/btcpp_sample/main.cpp:69:43:[m[K   required from here
[01m[K/opt/ros/humble/include/behaviortree_cpp_v3/bt_factory.h:69:1:[m[K [01;36m[Knote: [m[Kcandidate: ‘[01m[Ktemplate<class T> BT::NodeBuilder BT::CreateBuilder(typename std::enable_if<(std::is_constructible<T, const std::__cxx11::basic_string<char, std::char_traits<char>, std::allocator<char> >&>::value && (! std::is_constructible<T, const std::__cxx11::basic_string<char, std::char_traits<char>, std::allocator<char> >&, const BT::NodeConfiguration&>::value))>::type*)[m[K’
   69 | [01;36m[KCreateBuilder[m[K(typename std::enable_if<has_default_constructor<T>::value &&
      | [01;36m[K^~~~~~~~~~~~~[m[K
[01m[K/opt/ros/humble/include/behaviortree_cpp_v3/bt_factory.h:69:1:[m[K [01;36m[Knote: [m[K  template argument deduction/substitution failed:
/opt/ros/humble/include/behaviortree_cpp_v3/bt_factory.h: In substitution of ‘[01m[Ktemplate<class T> BT::NodeBuilder BT::CreateBuilder(typename std::enable_if<(std::is_constructible<T, const std::__cxx11::basic_string<char, std::char_traits<char>, std::allocator<char> >&>::value && (! std::is_constructible<T, const std::__cxx11::basic_string<char, std::char_traits<char>, std::allocator<char> >&, const BT::NodeConfiguration&>::value))>::type*) [with T = ThinkWhatToSay][m[K’:
[01m[K/opt/ros/humble/include/behaviortree_cpp_v3/bt_factory.h:418:60:[m[K   required from ‘[01m[Kvoid BT::BehaviorTreeFactory::registerNodeType(const string&) [with T = ThinkWhatToSay; std::string = std::__cxx11::basic_string<char>][m[K’
[01m[K/home/milo/Documents/andesrobot-nlp/btcpp_sample/main.cpp:69:43:[m[K   required from here
[01m[K/opt/ros/humble/include/behaviortree_cpp_v3/bt_factory.h:69:1:[m[K [01;31m[Kerror: [m[Kno type named ‘[01m[Ktype[m[K’ in ‘[01m[Kstruct std::enable_if<false, void>[m[K’
gmake[2]: *** [CMakeFiles/btcpp_sample.dir/build.make:76: CMakeFiles/btcpp_sample.dir/main.cpp.o] Error 1
gmake[1]: *** [CMakeFiles/Makefile2:85: CMakeFiles/btcpp_sample.dir/all] Error 2
gmake: *** [Makefile:101: all] Error 2
