[0.268s] DEBUG:colcon:Command line arguments: ['/usr/bin/colcon', 'build']
[0.269s] DEBUG:colcon:Parsed command line arguments: Namespace(log_base=None, log_level=None, verb_name='build', build_base='build', install_base='install', merge_install=False, symlink_install=False, test_result_base=None, continue_on_error=False, executor='parallel', parallel_workers=6, event_handlers=None, ignore_user_meta=False, metas=['./colcon.meta'], base_paths=['.'], packages_ignore=None, packages_ignore_regex=None, paths=None, packages_up_to=None, packages_up_to_regex=None, packages_above=None, packages_above_and_dependencies=None, packages_above_depth=None, packages_select_by_dep=None, packages_skip_by_dep=None, packages_skip_up_to=None, packages_select_build_failed=False, packages_skip_build_finished=False, packages_select_test_failures=False, packages_skip_test_passed=False, packages_select=None, packages_skip=None, packages_select_regex=None, packages_skip_regex=None, packages_start=None, packages_end=None, allow_overriding=[], cmake_args=None, cmake_target=None, cmake_target_skip_unavailable=False, cmake_clean_cache=False, cmake_clean_first=False, cmake_force_configure=False, ament_cmake_args=None, catkin_cmake_args=None, catkin_skip_building_tests=False, mixin_files=None, mixin=None, verb_parser=<colcon_mixin.mixin.mixin_argument.MixinArgumentDecorator object at 0xffffbba2a2f0>, verb_extension=<colcon_core.verb.build.BuildVerb object at 0xffffbba29e40>, main=<bound method BuildVerb.main of <colcon_core.verb.build.BuildVerb object at 0xffffbba29e40>>, mixin_verb=('build',))
[0.680s] Level 1:colcon.colcon_core.package_discovery:discover_packages(colcon_meta) check parameters
[0.681s] Level 1:colcon.colcon_core.package_discovery:discover_packages(recursive) check parameters
[0.681s] Level 1:colcon.colcon_core.package_discovery:discover_packages(ignore) check parameters
[0.681s] Level 1:colcon.colcon_core.package_discovery:discover_packages(path) check parameters
[0.681s] Level 1:colcon.colcon_core.package_discovery:discover_packages(colcon_meta) discover
[0.681s] Level 1:colcon.colcon_core.package_discovery:discover_packages(recursive) discover
[0.681s] INFO:colcon.colcon_core.package_discovery:Crawling recursively for packages in '/home/milo/Documents/andesrobot-nlp/btcpp_sample'
[0.682s] Level 1:colcon.colcon_core.package_identification:_identify(.) by extensions ['ignore', 'ignore_ament_install']
[0.682s] Level 1:colcon.colcon_core.package_identification:_identify(.) by extension 'ignore'
[0.682s] Level 1:colcon.colcon_core.package_identification:_identify(.) by extension 'ignore_ament_install'
[0.682s] Level 1:colcon.colcon_core.package_identification:_identify(.) by extensions ['colcon_pkg']
[0.682s] Level 1:colcon.colcon_core.package_identification:_identify(.) by extension 'colcon_pkg'
[0.682s] Level 1:colcon.colcon_core.package_identification:_identify(.) by extensions ['colcon_meta']
[0.683s] Level 1:colcon.colcon_core.package_identification:_identify(.) by extension 'colcon_meta'
[0.683s] Level 1:colcon.colcon_core.package_identification:_identify(.) by extensions ['ros']
[0.683s] Level 1:colcon.colcon_core.package_identification:_identify(.) by extension 'ros'
[0.709s] Level 1:colcon.colcon_core.package_identification:_identify(.) by extensions ['cmake', 'python']
[0.709s] Level 1:colcon.colcon_core.package_identification:_identify(.) by extension 'cmake'
[0.713s] Level 1:colcon.colcon_core.package_identification:_identify(.) by extension 'python'
[0.713s] DEBUG:colcon.colcon_core.package_identification:Package '.' with type 'cmake' and name 'btcpp_sample'
[0.713s] Level 1:colcon.colcon_core.package_discovery:discover_packages(recursive) using defaults
[0.713s] Level 1:colcon.colcon_core.package_discovery:discover_packages(ignore) discover
[0.714s] Level 1:colcon.colcon_core.package_discovery:discover_packages(ignore) using defaults
[0.714s] Level 1:colcon.colcon_core.package_discovery:discover_packages(path) discover
[0.714s] Level 1:colcon.colcon_core.package_discovery:discover_packages(path) using defaults
[0.810s] Level 1:colcon.colcon_core.package_discovery:discover_packages(prefix_path) check parameters
[0.811s] Level 1:colcon.colcon_core.package_discovery:discover_packages(prefix_path) discover
[0.816s] DEBUG:colcon.colcon_installed_package_information.package_discovery:Found 272 installed packages in /opt/ros/humble
[0.819s] Level 1:colcon.colcon_core.package_discovery:discover_packages(prefix_path) using defaults
[0.906s] Level 5:colcon.colcon_core.verb:set package 'btcpp_sample' build argument 'cmake_args' from command line to 'None'
[0.906s] Level 5:colcon.colcon_core.verb:set package 'btcpp_sample' build argument 'cmake_target' from command line to 'None'
[0.906s] Level 5:colcon.colcon_core.verb:set package 'btcpp_sample' build argument 'cmake_target_skip_unavailable' from command line to 'False'
[0.906s] Level 5:colcon.colcon_core.verb:set package 'btcpp_sample' build argument 'cmake_clean_cache' from command line to 'False'
[0.906s] Level 5:colcon.colcon_core.verb:set package 'btcpp_sample' build argument 'cmake_clean_first' from command line to 'False'
[0.906s] Level 5:colcon.colcon_core.verb:set package 'btcpp_sample' build argument 'cmake_force_configure' from command line to 'False'
[0.906s] Level 5:colcon.colcon_core.verb:set package 'btcpp_sample' build argument 'ament_cmake_args' from command line to 'None'
[0.906s] Level 5:colcon.colcon_core.verb:set package 'btcpp_sample' build argument 'catkin_cmake_args' from command line to 'None'
[0.907s] Level 5:colcon.colcon_core.verb:set package 'btcpp_sample' build argument 'catkin_skip_building_tests' from command line to 'False'
[0.907s] DEBUG:colcon.colcon_core.verb:Building package 'btcpp_sample' with the following arguments: {'ament_cmake_args': None, 'build_base': '/home/milo/Documents/andesrobot-nlp/btcpp_sample/build/btcpp_sample', 'catkin_cmake_args': None, 'catkin_skip_building_tests': False, 'cmake_args': None, 'cmake_clean_cache': False, 'cmake_clean_first': False, 'cmake_force_configure': False, 'cmake_target': None, 'cmake_target_skip_unavailable': False, 'install_base': '/home/milo/Documents/andesrobot-nlp/btcpp_sample/install/btcpp_sample', 'merge_install': False, 'path': '/home/milo/Documents/andesrobot-nlp/btcpp_sample', 'symlink_install': False, 'test_result_base': None}
[0.907s] INFO:colcon.colcon_core.executor:Executing jobs using 'parallel' executor
[0.911s] DEBUG:colcon.colcon_parallel_executor.executor.parallel:run_until_complete
[0.911s] INFO:colcon.colcon_cmake.task.cmake.build:Building CMake package in '/home/milo/Documents/andesrobot-nlp/btcpp_sample'
[0.916s] INFO:colcon.colcon_core.plugin_system:Skipping extension 'colcon_core.shell.bat': Not used on non-Windows systems
[0.917s] INFO:colcon.colcon_core.shell:Skip shell extension 'powershell' for command environment: Not usable outside of PowerShell
[0.917s] DEBUG:colcon.colcon_core.shell:Skip shell extension 'dsv' for command environment
[0.931s] DEBUG:colcon.colcon_core.event_handler.log_command:Invoking command in '/home/milo/Documents/andesrobot-nlp/btcpp_sample/build/btcpp_sample': /usr/bin/cmake /home/milo/Documents/andesrobot-nlp/btcpp_sample -DCMAKE_INSTALL_PREFIX=/home/milo/Documents/andesrobot-nlp/btcpp_sample/install/btcpp_sample
[1.977s] DEBUG:colcon.colcon_core.event_handler.log_command:Invoked command in '/home/milo/Documents/andesrobot-nlp/btcpp_sample/build/btcpp_sample' returned '1': /usr/bin/cmake /home/milo/Documents/andesrobot-nlp/btcpp_sample -DCMAKE_INSTALL_PREFIX=/home/milo/Documents/andesrobot-nlp/btcpp_sample/install/btcpp_sample
[1.989s] DEBUG:colcon.colcon_parallel_executor.executor.parallel:closing loop
[1.990s] DEBUG:colcon.colcon_parallel_executor.executor.parallel:loop closed
[1.991s] DEBUG:colcon.colcon_parallel_executor.executor.parallel:run_until_complete finished with '1'
[1.991s] DEBUG:colcon.colcon_core.event_reactor:joining thread
[2.018s] INFO:colcon.colcon_core.plugin_system:Skipping extension 'colcon_notification.desktop_notification.terminal_notifier': Not used on non-Darwin systems
[2.019s] INFO:colcon.colcon_core.plugin_system:Skipping extension 'colcon_notification.desktop_notification.win32': Not used on non-Windows systems
[2.019s] INFO:colcon.colcon_notification.desktop_notification:Sending desktop notification using 'notify2'
[2.085s] DEBUG:colcon.colcon_core.event_reactor:joined thread
[2.088s] INFO:colcon.colcon_core.shell:Creating prefix script '/home/milo/Documents/andesrobot-nlp/btcpp_sample/install/local_setup.ps1'
[2.095s] INFO:colcon.colcon_core.shell:Creating prefix util module '/home/milo/Documents/andesrobot-nlp/btcpp_sample/install/_local_setup_util_ps1.py'
[2.105s] INFO:colcon.colcon_core.shell:Creating prefix chain script '/home/milo/Documents/andesrobot-nlp/btcpp_sample/install/setup.ps1'
[2.109s] INFO:colcon.colcon_core.shell:Creating prefix script '/home/milo/Documents/andesrobot-nlp/btcpp_sample/install/local_setup.sh'
[2.111s] INFO:colcon.colcon_core.shell:Creating prefix util module '/home/milo/Documents/andesrobot-nlp/btcpp_sample/install/_local_setup_util_sh.py'
[2.113s] INFO:colcon.colcon_core.shell:Creating prefix chain script '/home/milo/Documents/andesrobot-nlp/btcpp_sample/install/setup.sh'
[2.117s] INFO:colcon.colcon_core.shell:Creating prefix script '/home/milo/Documents/andesrobot-nlp/btcpp_sample/install/local_setup.bash'
[2.118s] INFO:colcon.colcon_core.shell:Creating prefix chain script '/home/milo/Documents/andesrobot-nlp/btcpp_sample/install/setup.bash'
[2.121s] INFO:colcon.colcon_core.shell:Creating prefix script '/home/milo/Documents/andesrobot-nlp/btcpp_sample/install/local_setup.zsh'
[2.123s] INFO:colcon.colcon_core.shell:Creating prefix chain script '/home/milo/Documents/andesrobot-nlp/btcpp_sample/install/setup.zsh'
