[0.267s] DEBUG:colcon:Command line arguments: ['/usr/bin/colcon', 'build']
[0.268s] DEBUG:colcon:Parsed command line arguments: Namespace(log_base=None, log_level=None, verb_name='build', build_base='build', install_base='install', merge_install=False, symlink_install=False, test_result_base=None, continue_on_error=False, executor='parallel', parallel_workers=6, event_handlers=None, ignore_user_meta=False, metas=['./colcon.meta'], base_paths=['.'], packages_ignore=None, packages_ignore_regex=None, paths=None, packages_up_to=None, packages_up_to_regex=None, packages_above=None, packages_above_and_dependencies=None, packages_above_depth=None, packages_select_by_dep=None, packages_skip_by_dep=None, packages_skip_up_to=None, packages_select_build_failed=False, packages_skip_build_finished=False, packages_select_test_failures=False, packages_skip_test_passed=False, packages_select=None, packages_skip=None, packages_select_regex=None, packages_skip_regex=None, packages_start=None, packages_end=None, allow_overriding=[], cmake_args=None, cmake_target=None, cmake_target_skip_unavailable=False, cmake_clean_cache=False, cmake_clean_first=False, cmake_force_configure=False, ament_cmake_args=None, catkin_cmake_args=None, catkin_skip_building_tests=False, mixin_files=None, mixin=None, verb_parser=<colcon_mixin.mixin.mixin_argument.MixinArgumentDecorator object at 0xffff7f9ca2f0>, verb_extension=<colcon_core.verb.build.BuildVerb object at 0xffff7f9c9e40>, main=<bound method BuildVerb.main of <colcon_core.verb.build.BuildVerb object at 0xffff7f9c9e40>>, mixin_verb=('build',))
[0.677s] Level 1:colcon.colcon_core.package_discovery:discover_packages(colcon_meta) check parameters
[0.677s] Level 1:colcon.colcon_core.package_discovery:discover_packages(recursive) check parameters
[0.677s] Level 1:colcon.colcon_core.package_discovery:discover_packages(ignore) check parameters
[0.678s] Level 1:colcon.colcon_core.package_discovery:discover_packages(path) check parameters
[0.678s] Level 1:colcon.colcon_core.package_discovery:discover_packages(colcon_meta) discover
[0.678s] Level 1:colcon.colcon_core.package_discovery:discover_packages(recursive) discover
[0.678s] INFO:colcon.colcon_core.package_discovery:Crawling recursively for packages in '/home/milo/Documents/andesrobot-nlp/btcpp_sample'
[0.678s] Level 1:colcon.colcon_core.package_identification:_identify(.) by extensions ['ignore', 'ignore_ament_install']
[0.679s] Level 1:colcon.colcon_core.package_identification:_identify(.) by extension 'ignore'
[0.679s] Level 1:colcon.colcon_core.package_identification:_identify(.) by extension 'ignore_ament_install'
[0.679s] Level 1:colcon.colcon_core.package_identification:_identify(.) by extensions ['colcon_pkg']
[0.679s] Level 1:colcon.colcon_core.package_identification:_identify(.) by extension 'colcon_pkg'
[0.679s] Level 1:colcon.colcon_core.package_identification:_identify(.) by extensions ['colcon_meta']
[0.679s] Level 1:colcon.colcon_core.package_identification:_identify(.) by extension 'colcon_meta'
[0.679s] Level 1:colcon.colcon_core.package_identification:_identify(.) by extensions ['ros']
[0.679s] Level 1:colcon.colcon_core.package_identification:_identify(.) by extension 'ros'
[0.716s] DEBUG:colcon.colcon_core.package_identification:Package '.' with type 'ros.ament_cmake' and name 'btcpp_sample'
[0.716s] Level 1:colcon.colcon_core.package_discovery:discover_packages(recursive) using defaults
[0.717s] Level 1:colcon.colcon_core.package_discovery:discover_packages(ignore) discover
[0.717s] Level 1:colcon.colcon_core.package_discovery:discover_packages(ignore) using defaults
[0.717s] Level 1:colcon.colcon_core.package_discovery:discover_packages(path) discover
[0.717s] Level 1:colcon.colcon_core.package_discovery:discover_packages(path) using defaults
[0.813s] Level 1:colcon.colcon_core.package_discovery:discover_packages(prefix_path) check parameters
[0.813s] Level 1:colcon.colcon_core.package_discovery:discover_packages(prefix_path) discover
[0.818s] DEBUG:colcon.colcon_installed_package_information.package_discovery:Found 272 installed packages in /opt/ros/humble
[0.822s] Level 1:colcon.colcon_core.package_discovery:discover_packages(prefix_path) using defaults
[0.908s] Level 5:colcon.colcon_core.verb:set package 'btcpp_sample' build argument 'cmake_args' from command line to 'None'
[0.908s] Level 5:colcon.colcon_core.verb:set package 'btcpp_sample' build argument 'cmake_target' from command line to 'None'
[0.908s] Level 5:colcon.colcon_core.verb:set package 'btcpp_sample' build argument 'cmake_target_skip_unavailable' from command line to 'False'
[0.908s] Level 5:colcon.colcon_core.verb:set package 'btcpp_sample' build argument 'cmake_clean_cache' from command line to 'False'
[0.908s] Level 5:colcon.colcon_core.verb:set package 'btcpp_sample' build argument 'cmake_clean_first' from command line to 'False'
[0.908s] Level 5:colcon.colcon_core.verb:set package 'btcpp_sample' build argument 'cmake_force_configure' from command line to 'False'
[0.908s] Level 5:colcon.colcon_core.verb:set package 'btcpp_sample' build argument 'ament_cmake_args' from command line to 'None'
[0.908s] Level 5:colcon.colcon_core.verb:set package 'btcpp_sample' build argument 'catkin_cmake_args' from command line to 'None'
[0.908s] Level 5:colcon.colcon_core.verb:set package 'btcpp_sample' build argument 'catkin_skip_building_tests' from command line to 'False'
[0.908s] DEBUG:colcon.colcon_core.verb:Building package 'btcpp_sample' with the following arguments: {'ament_cmake_args': None, 'build_base': '/home/milo/Documents/andesrobot-nlp/btcpp_sample/build/btcpp_sample', 'catkin_cmake_args': None, 'catkin_skip_building_tests': False, 'cmake_args': None, 'cmake_clean_cache': False, 'cmake_clean_first': False, 'cmake_force_configure': False, 'cmake_target': None, 'cmake_target_skip_unavailable': False, 'install_base': '/home/milo/Documents/andesrobot-nlp/btcpp_sample/install/btcpp_sample', 'merge_install': False, 'path': '/home/milo/Documents/andesrobot-nlp/btcpp_sample', 'symlink_install': False, 'test_result_base': None}
[0.909s] INFO:colcon.colcon_core.executor:Executing jobs using 'parallel' executor
[0.912s] DEBUG:colcon.colcon_parallel_executor.executor.parallel:run_until_complete
[0.913s] INFO:colcon.colcon_ros.task.ament_cmake.build:Building ROS package in '/home/milo/Documents/andesrobot-nlp/btcpp_sample' with build type 'ament_cmake'
[0.913s] INFO:colcon.colcon_cmake.task.cmake.build:Building CMake package in '/home/milo/Documents/andesrobot-nlp/btcpp_sample'
[0.918s] INFO:colcon.colcon_core.plugin_system:Skipping extension 'colcon_core.shell.bat': Not used on non-Windows systems
[0.918s] INFO:colcon.colcon_core.shell:Skip shell extension 'powershell' for command environment: Not usable outside of PowerShell
[0.918s] DEBUG:colcon.colcon_core.shell:Skip shell extension 'dsv' for command environment
[0.938s] DEBUG:colcon.colcon_core.event_handler.log_command:Invoking command in '/home/milo/Documents/andesrobot-nlp/btcpp_sample/build/btcpp_sample': CMAKE_PREFIX_PATH=/opt/ros/humble /usr/bin/cmake --build /home/milo/Documents/andesrobot-nlp/btcpp_sample/build/btcpp_sample -- -j6 -l6
[4.682s] DEBUG:colcon.colcon_core.event_handler.log_command:Invoked command in '/home/milo/Documents/andesrobot-nlp/btcpp_sample/build/btcpp_sample' returned '0': CMAKE_PREFIX_PATH=/opt/ros/humble /usr/bin/cmake --build /home/milo/Documents/andesrobot-nlp/btcpp_sample/build/btcpp_sample -- -j6 -l6
[4.684s] WARNING:colcon.colcon_cmake.task.cmake.build:Could not run installation step for package 'btcpp_sample' because it has no 'install' target
[4.684s] Level 1:colcon.colcon_core.environment:create_environment_scripts_only(btcpp_sample)
[4.695s] Level 1:colcon.colcon_core.environment:checking '/home/milo/Documents/andesrobot-nlp/btcpp_sample/install/btcpp_sample' for CMake module files
[4.696s] Level 1:colcon.colcon_core.environment:checking '/home/milo/Documents/andesrobot-nlp/btcpp_sample/install/btcpp_sample' for CMake config files
[4.699s] Level 1:colcon.colcon_core.environment:checking '/home/milo/Documents/andesrobot-nlp/btcpp_sample/install/btcpp_sample/bin'
[4.699s] Level 1:colcon.colcon_core.environment:checking '/home/milo/Documents/andesrobot-nlp/btcpp_sample/install/btcpp_sample/lib/pkgconfig/btcpp_sample.pc'
[4.700s] Level 1:colcon.colcon_core.environment:checking '/home/milo/Documents/andesrobot-nlp/btcpp_sample/install/btcpp_sample/lib/python3.10/site-packages'
[4.702s] Level 1:colcon.colcon_core.environment:checking '/home/milo/Documents/andesrobot-nlp/btcpp_sample/install/btcpp_sample/bin'
[4.703s] INFO:colcon.colcon_core.shell:Creating package script '/home/milo/Documents/andesrobot-nlp/btcpp_sample/install/btcpp_sample/share/btcpp_sample/package.ps1'
[4.708s] INFO:colcon.colcon_core.shell:Creating package descriptor '/home/milo/Documents/andesrobot-nlp/btcpp_sample/install/btcpp_sample/share/btcpp_sample/package.dsv'
[4.710s] INFO:colcon.colcon_core.shell:Creating package script '/home/milo/Documents/andesrobot-nlp/btcpp_sample/install/btcpp_sample/share/btcpp_sample/package.sh'
[4.712s] INFO:colcon.colcon_core.shell:Creating package script '/home/milo/Documents/andesrobot-nlp/btcpp_sample/install/btcpp_sample/share/btcpp_sample/package.bash'
[4.715s] INFO:colcon.colcon_core.shell:Creating package script '/home/milo/Documents/andesrobot-nlp/btcpp_sample/install/btcpp_sample/share/btcpp_sample/package.zsh'
[4.718s] Level 1:colcon.colcon_core.environment:create_file_with_runtime_dependencies(/home/milo/Documents/andesrobot-nlp/btcpp_sample/install/btcpp_sample/share/colcon-core/packages/btcpp_sample)
[4.720s] Level 1:colcon.colcon_core.environment:create_environment_scripts_only(btcpp_sample)
[4.721s] Level 1:colcon.colcon_core.environment:checking '/home/milo/Documents/andesrobot-nlp/btcpp_sample/install/btcpp_sample' for CMake module files
[4.723s] Level 1:colcon.colcon_core.environment:checking '/home/milo/Documents/andesrobot-nlp/btcpp_sample/install/btcpp_sample' for CMake config files
[4.724s] Level 1:colcon.colcon_core.environment:checking '/home/milo/Documents/andesrobot-nlp/btcpp_sample/install/btcpp_sample/bin'
[4.724s] Level 1:colcon.colcon_core.environment:checking '/home/milo/Documents/andesrobot-nlp/btcpp_sample/install/btcpp_sample/lib/pkgconfig/btcpp_sample.pc'
[4.725s] Level 1:colcon.colcon_core.environment:checking '/home/milo/Documents/andesrobot-nlp/btcpp_sample/install/btcpp_sample/lib/python3.10/site-packages'
[4.726s] Level 1:colcon.colcon_core.environment:checking '/home/milo/Documents/andesrobot-nlp/btcpp_sample/install/btcpp_sample/bin'
[4.727s] INFO:colcon.colcon_core.shell:Creating package script '/home/milo/Documents/andesrobot-nlp/btcpp_sample/install/btcpp_sample/share/btcpp_sample/package.ps1'
[4.729s] INFO:colcon.colcon_core.shell:Creating package descriptor '/home/milo/Documents/andesrobot-nlp/btcpp_sample/install/btcpp_sample/share/btcpp_sample/package.dsv'
[4.730s] INFO:colcon.colcon_core.shell:Creating package script '/home/milo/Documents/andesrobot-nlp/btcpp_sample/install/btcpp_sample/share/btcpp_sample/package.sh'
[4.731s] INFO:colcon.colcon_core.shell:Creating package script '/home/milo/Documents/andesrobot-nlp/btcpp_sample/install/btcpp_sample/share/btcpp_sample/package.bash'
[4.732s] INFO:colcon.colcon_core.shell:Creating package script '/home/milo/Documents/andesrobot-nlp/btcpp_sample/install/btcpp_sample/share/btcpp_sample/package.zsh'
[4.734s] Level 1:colcon.colcon_core.environment:create_file_with_runtime_dependencies(/home/milo/Documents/andesrobot-nlp/btcpp_sample/install/btcpp_sample/share/colcon-core/packages/btcpp_sample)
[4.735s] DEBUG:colcon.colcon_parallel_executor.executor.parallel:closing loop
[4.737s] DEBUG:colcon.colcon_parallel_executor.executor.parallel:loop closed
[4.738s] DEBUG:colcon.colcon_parallel_executor.executor.parallel:run_until_complete finished with '0'
[4.738s] DEBUG:colcon.colcon_core.event_reactor:joining thread
[4.764s] INFO:colcon.colcon_core.plugin_system:Skipping extension 'colcon_notification.desktop_notification.terminal_notifier': Not used on non-Darwin systems
[4.765s] INFO:colcon.colcon_core.plugin_system:Skipping extension 'colcon_notification.desktop_notification.win32': Not used on non-Windows systems
[4.765s] INFO:colcon.colcon_notification.desktop_notification:Sending desktop notification using 'notify2'
[4.838s] DEBUG:colcon.colcon_core.event_reactor:joined thread
[4.840s] INFO:colcon.colcon_core.shell:Creating prefix script '/home/milo/Documents/andesrobot-nlp/btcpp_sample/install/local_setup.ps1'
[4.844s] INFO:colcon.colcon_core.shell:Creating prefix util module '/home/milo/Documents/andesrobot-nlp/btcpp_sample/install/_local_setup_util_ps1.py'
[4.849s] INFO:colcon.colcon_core.shell:Creating prefix chain script '/home/milo/Documents/andesrobot-nlp/btcpp_sample/install/setup.ps1'
[4.854s] INFO:colcon.colcon_core.shell:Creating prefix script '/home/milo/Documents/andesrobot-nlp/btcpp_sample/install/local_setup.sh'
[4.856s] INFO:colcon.colcon_core.shell:Creating prefix util module '/home/milo/Documents/andesrobot-nlp/btcpp_sample/install/_local_setup_util_sh.py'
[4.858s] INFO:colcon.colcon_core.shell:Creating prefix chain script '/home/milo/Documents/andesrobot-nlp/btcpp_sample/install/setup.sh'
[4.861s] INFO:colcon.colcon_core.shell:Creating prefix script '/home/milo/Documents/andesrobot-nlp/btcpp_sample/install/local_setup.bash'
[4.863s] INFO:colcon.colcon_core.shell:Creating prefix chain script '/home/milo/Documents/andesrobot-nlp/btcpp_sample/install/setup.bash'
[4.866s] INFO:colcon.colcon_core.shell:Creating prefix script '/home/milo/Documents/andesrobot-nlp/btcpp_sample/install/local_setup.zsh'
[4.868s] INFO:colcon.colcon_core.shell:Creating prefix chain script '/home/milo/Documents/andesrobot-nlp/btcpp_sample/install/setup.zsh'
